[21:54:11] [main/INFO] [GradleStart]: Extra: []
[21:54:11] [main/INFO] [GradleStart]: Running with arguments: [--userProperties, {}, --assetsDir, C:/Users/terra/.gradle/caches/minecraft/assets, --assetIndex, 1.12, --accessToken{REDACTED}, --version, 1.12.2, --tweakClass, net.minecraftforge.fml.common.launcher.FMLTweaker, --tweakClass, net.minecraftforge.gradle.tweakers.CoremodTweaker]
[21:54:11] [main/INFO] [LaunchWrapper]: Loading tweak class name net.minecraftforge.fml.common.launcher.FMLTweaker
[21:54:11] [main/INFO] [LaunchWrapper]: Using primary tweak class name net.minecraftforge.fml.common.launcher.FMLTweaker
[21:54:11] [main/INFO] [LaunchWrapper]: Loading tweak class name net.minecraftforge.gradle.tweakers.CoremodTweaker
[21:54:11] [main/INFO] [LaunchWrapper]: Calling tweak class net.minecraftforge.fml.common.launcher.FMLTweaker
[21:54:11] [main/INFO] [FML]: Forge Mod Loader version 14.23.5.2768 for Minecraft 1.12.2 loading
[21:54:11] [main/INFO] [FML]: Java is Java HotSpot(TM) 64-Bit Server VM, version 1.8.0_241, running on Windows 10:amd64:10.0, installed at C:\Program Files\Java\jdk1.8.0_241\jre
[21:54:11] [main/ERROR] [FML]: Apache Maven library folder was not in the format expected. Using default libraries directory.
[21:54:11] [main/ERROR] [FML]: Full: C:\Users\terra\.gradle\caches\modules-2\files-2.1\org.apache.maven\maven-artifact\3.5.3\7dc72b6d6d8a6dced3d294ed54c2cc3515ade9f4\maven-artifact-3.5.3.jar
[21:54:11] [main/ERROR] [FML]: Trimmed: c:/users/terra/.gradle/caches/modules-2/files-2.1/org.apache.maven/maven-artifact/3.5.3/
[21:54:11] [main/INFO] [FML]: Managed to load a deobfuscated Minecraft name- we are in a deobfuscated environment. Skipping runtime deobfuscation
[21:54:11] [main/INFO] [FML]: Detected deobfuscated environment, loading log configs for colored console logs.
[21:54:13] [main/INFO] [FML]: Ignoring missing certificate for coremod FMLCorePlugin (net.minecraftforge.fml.relauncher.FMLCorePlugin), we are in deobf and it's a forge core plugin
[21:54:13] [main/INFO] [FML]: Ignoring missing certificate for coremod FMLForgePlugin (net.minecraftforge.classloading.FMLForgePlugin), we are in deobf and it's a forge core plugin
[21:54:13] [main/INFO] [FML]: Searching C:\Users\terra\Desktop\EtraBroot\.\mods for mods
[21:54:13] [main/INFO] [LaunchWrapper]: Calling tweak class net.minecraftforge.gradle.tweakers.CoremodTweaker
[21:54:13] [main/INFO] [GradleStart]: Injecting location in coremod net.minecraftforge.fml.relauncher.FMLCorePlugin
[21:54:13] [main/INFO] [GradleStart]: Injecting location in coremod net.minecraftforge.classloading.FMLForgePlugin
[21:54:13] [main/INFO] [LaunchWrapper]: Loading tweak class name net.minecraftforge.fml.common.launcher.FMLInjectionAndSortingTweaker
[21:54:13] [main/INFO] [LaunchWrapper]: Loading tweak class name net.minecraftforge.fml.common.launcher.FMLDeobfTweaker
[21:54:13] [main/INFO] [LaunchWrapper]: Loading tweak class name net.minecraftforge.gradle.tweakers.AccessTransformerTweaker
[21:54:13] [main/INFO] [LaunchWrapper]: Calling tweak class net.minecraftforge.fml.common.launcher.FMLInjectionAndSortingTweaker
[21:54:13] [main/INFO] [LaunchWrapper]: Calling tweak class net.minecraftforge.fml.common.launcher.FMLInjectionAndSortingTweaker
[21:54:13] [main/INFO] [LaunchWrapper]: Calling tweak class net.minecraftforge.fml.relauncher.CoreModManager$FMLPluginWrapper
[21:54:16] [main/ERROR] [FML]: FML appears to be missing any signature data. This is not a good thing
[21:54:16] [main/INFO] [LaunchWrapper]: Calling tweak class net.minecraftforge.fml.relauncher.CoreModManager$FMLPluginWrapper
[21:54:16] [main/INFO] [LaunchWrapper]: Calling tweak class net.minecraftforge.fml.common.launcher.FMLDeobfTweaker
[21:54:16] [main/INFO] [LaunchWrapper]: Calling tweak class net.minecraftforge.gradle.tweakers.AccessTransformerTweaker
[21:54:16] [main/INFO] [LaunchWrapper]: Loading tweak class name net.minecraftforge.fml.common.launcher.TerminalTweaker
[21:54:16] [main/INFO] [LaunchWrapper]: Calling tweak class net.minecraftforge.fml.common.launcher.TerminalTweaker
[21:54:16] [main/INFO] [LaunchWrapper]: Launching wrapped minecraft {net.minecraft.client.main.Main}
[21:54:17] [main/INFO] [net.minecraft.client.Minecraft]: Setting user: Player689
[21:54:21] [main/INFO] [net.minecraft.client.Minecraft]: LWJGL Version: 2.9.4
[21:54:22] [main/INFO] [FML]: -- System Details --
Details:
	Minecraft Version: 1.12.2
	Operating System: Windows 10 (amd64) version 10.0
	Java Version: 1.8.0_241, Oracle Corporation
	Java VM Version: Java HotSpot(TM) 64-Bit Server VM (mixed mode), Oracle Corporation
	Memory: 135147848 bytes (128 MB) / 360185856 bytes (343 MB) up to 2835349504 bytes (2704 MB)
	JVM Flags: 0 total; 
	IntCache: cache: 0, tcache: 0, allocated: 0, tallocated: 0
	FML: 
	Loaded coremods (and transformers): 
	GL info: ' Vendor: 'NVIDIA Corporation' Version: '4.6.0 NVIDIA 441.41' Renderer: 'GeForce MX150/PCIe/SSE2'
[21:54:22] [main/INFO] [FML]: MinecraftForge v14.23.5.2768 Initialized
[21:54:22] [main/INFO] [FML]: Starts to replace vanilla recipe ingredients with ore ingredients.
[21:54:22] [main/INFO] [FML]: Replaced 1036 ore ingredients
[21:54:22] [main/INFO] [FML]: Searching C:\Users\terra\Desktop\EtraBroot\.\mods for mods
[21:54:23] [main/FATAL] [FML]: Found a duplicate mod examplemod at [C:\Users\terra\Desktop\EtraBroot\build\classes\java\main, C:\Users\terra\Desktop\EtraBroot\out\production\EtraBroot_main]
[21:54:23] [main/ERROR] [FML]: An exception was thrown, the game will display an error screen and halt.
net.minecraftforge.fml.common.DuplicateModsFoundException: 
Duplicate Mods:
	examplemod : C:\Users\terra\Desktop\EtraBroot\build\classes\java\main
	examplemod : C:\Users\terra\Desktop\EtraBroot\out\production\EtraBroot_main


	at net.minecraftforge.fml.common.Loader.identifyDuplicates(Loader.java:464) ~[Loader.class:?]
	at net.minecraftforge.fml.common.Loader.identifyMods(Loader.java:426) ~[Loader.class:?]
	at net.minecraftforge.fml.common.Loader.loadMods(Loader.java:566) ~[Loader.class:?]
	at net.minecraftforge.fml.client.FMLClientHandler.beginMinecraftLoading(FMLClientHandler.java:232) [FMLClientHandler.class:?]
	at net.minecraft.client.Minecraft.init(Minecraft.java:513) [Minecraft.class:?]
	at net.minecraft.client.Minecraft.run(Minecraft.java:421) [Minecraft.class:?]
	at net.minecraft.client.main.Main.main(Main.java:118) [Main.class:?]
	at sun.reflect.NativeMethodAccessorImpl.invoke0(Native Method) ~[?:1.8.0_241]
	at sun.reflect.NativeMethodAccessorImpl.invoke(NativeMethodAccessorImpl.java:62) ~[?:1.8.0_241]
	at sun.reflect.DelegatingMethodAccessorImpl.invoke(DelegatingMethodAccessorImpl.java:43) ~[?:1.8.0_241]
	at java.lang.reflect.Method.invoke(Method.java:498) ~[?:1.8.0_241]
	at net.minecraft.launchwrapper.Launch.launch(Launch.java:135) [launchwrapper-1.12.jar:?]
	at net.minecraft.launchwrapper.Launch.main(Launch.java:28) [launchwrapper-1.12.jar:?]
	at sun.reflect.NativeMethodAccessorImpl.invoke0(Native Method) ~[?:1.8.0_241]
	at sun.reflect.NativeMethodAccessorImpl.invoke(NativeMethodAccessorImpl.java:62) ~[?:1.8.0_241]
	at sun.reflect.DelegatingMethodAccessorImpl.invoke(DelegatingMethodAccessorImpl.java:43) ~[?:1.8.0_241]
	at java.lang.reflect.Method.invoke(Method.java:498) ~[?:1.8.0_241]
	at net.minecraftforge.gradle.GradleStartCommon.launch(GradleStartCommon.java:97) [start/:?]
	at GradleStart.main(GradleStart.java:25) [start/:?]
[21:54:24] [main/WARN] [FML]: EventBus 0 shutting down - future events will not be posted.
[21:54:24] [main/INFO] [net.minecraft.client.resources.SimpleReloadableResourceManager]: Reloading ResourceManager: Default
[21:54:25] [Thread-3/INFO] [FML]: Using sync timing. 200 frames of Display.update took 233790700 nanos
[21:54:25] [main/WARN] [FML]: There were errors previously. Not beginning mod initialization phase
[21:54:29] [Sound Library Loader/INFO] [net.minecraft.client.audio.SoundManager]: Starting up SoundSystem...
[21:54:30] [Thread-5/INFO] [net.minecraft.client.audio.SoundManager]: Initializing LWJGL OpenAL
[21:54:30] [Thread-5/INFO] [net.minecraft.client.audio.SoundManager]: (The LWJGL binding of OpenAL.  For more information, see http://www.lwjgl.org)
[21:54:30] [Thread-5/INFO] [net.minecraft.client.audio.SoundManager]: OpenAL initialized.
[21:54:30] [Sound Library Loader/INFO] [net.minecraft.client.audio.SoundManager]: Sound engine started
[21:54:31] [main/INFO] [com.mojang.text2speech.NarratorWindows]: Narrator library for x64 successfully loaded
[21:54:32] [Realms Notification Availability checker #1/INFO] [com.mojang.realmsclient.client.RealmsClient]: Could not authorize you against Realms server: Invalid session id
[21:54:46] [main/INFO] [net.minecraft.client.Minecraft]: Stopping!
[21:54:46] [main/INFO] [net.minecraft.client.audio.SoundManager]: SoundSystem shutting down...
[21:54:46] [main/WARN] [net.minecraft.client.audio.SoundManager]: Author: Paul Lamb, www.paulscode.com
